<?xml version="1.0" encoding="UTF-8"?>
<testsuites name="GET" time="16.68" tests="2" failures="0" errors="0">
   <testsuite name="GET" tests="2" failures="0" errors="0" time="16.68" skipped="0" timestamp="13-02-2024T16:39:01" hostname="ASUS - LAPTOP-86QR281O" id="Test Suites/GET">
      <properties>
         <property name="deviceName" value=""/>
         <property name="devicePlatform" value=""/>
         <property name="logFolder" value="C:\\Users\\ASUS\\Documents\\Bismillah BFLP IT\\BOOTCAMP IT\\Katalon\\katalon-finalapi-clarissafatimah\\Reports\\20240213_163853\\GET\\20240213_163853"/>
         <property name="logFiles" value="C:\\Users\\ASUS\\Documents\\Bismillah BFLP IT\\BOOTCAMP IT\\Katalon\\katalon-finalapi-clarissafatimah\\Reports\\20240213_163853\\GET\\20240213_163853\\execution0.log"/>
         <property name="attachments" value=""/>
         <property name="hostName" value="ASUS - LAPTOP-86QR281O"/>
         <property name="hostAddress" value="172.16.213.211"/>
         <property name="os" value="Windows 11 64bit"/>
         <property name="katalonVersion" value="9.3.0.212"/>
      </properties>
      <testcase name="Test Cases/GET Booking" time="12.336" classname="Test Cases/GET Booking" status="PASSED">
         <system-out><![CDATA[13-02-2024T16:39:02 - [TEST_CASE][PASSED] - Test Cases/GET Booking: Test Cases/GET Booking

13-02-2024T16:39:03 - [TEST_STEP][PASSED] - response = sendRequestAndVerify(findTestObject("GET Booking")): Send request and verify the response successfully

13-02-2024T16:39:11 - [MESSAGE][INFO] - HAR: C:\Users\ASUS\Documents\Bismillah BFLP IT\BOOTCAMP IT\Katalon\katalon-finalapi-clarissafatimah\Reports\20240213_163853\GET\20240213_163853\requests\main\0.har

13-02-2024T16:39:12 - [TEST_CASE][PASSED] - Start Test Case : Verification: Verification accomplished successfully

13-02-2024T16:39:12 - [TEST_STEP][PASSED] - request = getInstance().getCurrentRequest(): null

13-02-2024T16:39:12 - [TEST_STEP][PASSED] - response = getInstance().getCurrentResponse(): null

13-02-2024T16:39:12 - [MESSAGE][PASSED] - Verify response successfully

13-02-2024T16:39:12 - [MESSAGE][PASSED] - All validation steps have been passed

13-02-2024T16:39:12 - [MESSAGE][PASSED] - Send request and verify the response successfully

13-02-2024T16:39:14 - [TEST_STEP][PASSED] - Video: Video recording for test case 'Test Cases/GET Booking' .

13-02-2024T16:39:14 - [MESSAGE][INFO] - Video recording for test case 'Test Cases/GET Booking' .]]></system-out>
         <system-err><![CDATA[]]></system-err>
      </testcase>
      <testcase name="Test Cases/GET Booking id" time="3.92" classname="Test Cases/GET Booking id" status="PASSED">
         <system-out><![CDATA[13-02-2024T16:39:14 - [TEST_CASE][PASSED] - Test Cases/GET Booking id: Test Cases/GET Booking id

13-02-2024T16:39:14 - [TEST_STEP][PASSED] - response = sendRequestAndVerify(findTestObject("GET Booking id")): Send request and verify the response successfully

13-02-2024T16:39:16 - [MESSAGE][INFO] - HAR: C:\Users\ASUS\Documents\Bismillah BFLP IT\BOOTCAMP IT\Katalon\katalon-finalapi-clarissafatimah\Reports\20240213_163853\GET\20240213_163853\requests\main\1.har

13-02-2024T16:39:16 - [TEST_CASE][PASSED] - Start Test Case : Verification: Verification accomplished successfully

13-02-2024T16:39:16 - [TEST_STEP][PASSED] - request = getInstance().getCurrentRequest(): null

13-02-2024T16:39:16 - [TEST_STEP][PASSED] - response = getInstance().getCurrentResponse(): null

13-02-2024T16:39:16 - [MESSAGE][PASSED] - Verify response successfully

13-02-2024T16:39:16 - [MESSAGE][PASSED] - All validation steps have been passed

13-02-2024T16:39:16 - [MESSAGE][PASSED] - Send request and verify the response successfully

13-02-2024T16:39:18 - [TEST_STEP][PASSED] - Video: Video recording for test case 'Test Cases/GET Booking id' .

13-02-2024T16:39:18 - [MESSAGE][INFO] - Video recording for test case 'Test Cases/GET Booking id' .]]></system-out>
         <system-err><![CDATA[]]></system-err>
      </testcase>
      <system-out><![CDATA[13-02-2024T16:39:01 - [TEST_SUITE][PASSED] - GET: Test Cases/GET Booking id]]></system-out>
      <system-err><![CDATA[]]></system-err>
   </testsuite>
</testsuites>
